[debug] [2019-12-24T00:19:38.144Z] ----------------------------------------------------------------------
[debug] [2019-12-24T00:19:38.146Z] Command:       C:\Program Files\nodejs\node.exe C:\Users\uzytkownik\AppData\Roaming\npm\node_modules\firebase-tools\lib\bin\firebase.js init hosting
[debug] [2019-12-24T00:19:38.147Z] CLI Version:   7.11.0
[debug] [2019-12-24T00:19:38.147Z] Platform:      win32
[debug] [2019-12-24T00:19:38.147Z] Node Version:  v10.15.1
[debug] [2019-12-24T00:19:38.149Z] Time:          Mon Dec 23 2019 19:19:38 GMT-0500 (GMT-05:00)
[debug] [2019-12-24T00:19:38.149Z] ----------------------------------------------------------------------
[debug] [2019-12-24T00:19:38.149Z] 
[debug] [2019-12-24T00:19:38.160Z] > command requires scopes: ["email","openid","https://www.googleapis.com/auth/cloudplatformprojects.readonly","https://www.googleapis.com/auth/firebase","https://www.googleapis.com/auth/cloud-platform"]
[debug] [2019-12-24T00:19:38.161Z] > authorizing via signed-in user
[info] 
     ######## #### ########  ######## ########     ###     ######  ########
     ##        ##  ##     ## ##       ##     ##  ##   ##  ##       ##
     ######    ##  ########  ######   ########  #########  ######  ######
     ##        ##  ##    ##  ##       ##     ## ##     ##       ## ##
     ##       #### ##     ## ######## ########  ##     ##  ######  ########

You're about to initialize a Firebase project in this directory:

  C:\kodilla\modul33\shop-project\public

Before we get started, keep in mind:

  * You are currently outside your home directory

[info] 
=== Project Setup
[info] 
[info] First, let's associate this project directory with a Firebase project.
[info] You can create multiple project aliases by running firebase use --add, 
[info] but for now we'll just set up a default project.
[info] 
[info] 
=== Hosting Setup
[info] 
[info] Your public directory is the folder (relative to your project directory) that
[info] will contain Hosting assets to be uploaded with firebase deploy. If you
[info] have a build process for your assets, use your build's output directory.
[info] 
[debug] [2019-12-24T00:21:34.211Z] Error: kill ENOSYS
    at process.kill (internal/process/per_thread.js:198:13)
    at process.listener (C:\Users\uzytkownik\AppData\Roaming\npm\node_modules\firebase-tools\node_modules\signal-exit\index.js:95:15)
    at process.emit (events.js:189:13)
[error] 
[error] Error: An unexpected error has occurred.
